<?xml version="1.0" encoding="UTF-8"?>
<testng-results skipped="0" failed="0" ignored="0" total="1" passed="1">
  <reporter-output>
  </reporter-output>
  <suite name="Default suite" duration-ms="10805" started-at="2018-02-18T20:40:28Z" finished-at="2018-02-18T20:40:39Z">
    <groups>
    </groups>
    <test name="Default test" duration-ms="10805" started-at="2018-02-18T20:40:28Z" finished-at="2018-02-18T20:40:39Z">
      <class name="test.Selenium_Jenkins_Integration">
        <test-method status="PASS" signature="setUp()[pri:0, instance:test.Selenium_Jenkins_Integration@5faeada1]" name="setUp" is-config="true" duration-ms="3658" started-at="2018-02-18T15:40:28Z" finished-at="2018-02-18T15:40:32Z">
          <reporter-output>
          </reporter-output>
        </test-method> <!-- setUp -->
        <test-method status="PASS" signature="test01()[pri:0, instance:test.Selenium_Jenkins_Integration@5faeada1]" name="test01" duration-ms="1722" started-at="2018-02-18T15:40:32Z" finished-at="2018-02-18T15:40:33Z">
          <reporter-output>
          </reporter-output>
        </test-method> <!-- test01 -->
        <test-method status="PASS" signature="tearDown()[pri:0, instance:test.Selenium_Jenkins_Integration@5faeada1]" name="tearDown" is-config="true" duration-ms="5407" started-at="2018-02-18T15:40:33Z" finished-at="2018-02-18T15:40:39Z">
          <reporter-output>
          </reporter-output>
        </test-method> <!-- tearDown -->
      </class> <!-- test.Selenium_Jenkins_Integration -->
    </test> <!-- Default test -->
  </suite> <!-- Default suite -->
</testng-results>
